2020-02-14 00:00:21.120 [main] INFO  com.example.demo.DemoApplication - Starting DemoApplication on JinQiuyang with PID 15700 (D:\Maven\demo\target\classes started by dell in D:\Maven\demo)
2020-02-14 00:00:21.125 [main] INFO  com.example.demo.DemoApplication - No active profile set, falling back to default profiles: default
2020-02-14 00:00:22.090 [main] INFO  o.s.boot.web.embedded.tomcat.TomcatWebServer - Tomcat initialized with port(s): 8888 (http)
2020-02-14 00:00:22.097 [main] INFO  org.apache.coyote.http11.Http11NioProtocol - Initializing ProtocolHandler ["http-nio-8888"]
2020-02-14 00:00:22.098 [main] INFO  org.apache.catalina.core.StandardService - Starting service [Tomcat]
2020-02-14 00:00:22.098 [main] INFO  org.apache.catalina.core.StandardEngine - Starting Servlet engine: [Apache Tomcat/9.0.30]
2020-02-14 00:00:22.101 [main] INFO  org.apache.catalina.core.AprLifecycleListener - Loaded APR based Apache Tomcat Native library [1.2.23] using APR version [1.7.0].
2020-02-14 00:00:22.101 [main] INFO  org.apache.catalina.core.AprLifecycleListener - APR capabilities: IPv6 [true], sendfile [true], accept filters [false], random [true].
2020-02-14 00:00:22.101 [main] INFO  org.apache.catalina.core.AprLifecycleListener - APR/OpenSSL configuration: useAprConnector [false], useOpenSSL [true]
2020-02-14 00:00:22.104 [main] INFO  org.apache.catalina.core.AprLifecycleListener - OpenSSL successfully initialized [OpenSSL 1.1.1c  28 May 2019]
2020-02-14 00:00:22.176 [main] INFO  o.a.c.core.ContainerBase.[Tomcat].[localhost].[/] - Initializing Spring embedded WebApplicationContext
2020-02-14 00:00:22.176 [main] INFO  org.springframework.web.context.ContextLoader - Root WebApplicationContext: initialization completed in 971 ms
2020-02-14 00:00:23.097 [main] INFO  com.alibaba.druid.pool.DruidDataSource - {dataSource-1} inited
2020-02-14 00:00:23.373 [main] INFO  o.s.scheduling.concurrent.ThreadPoolTaskExecutor - Initializing ExecutorService 'applicationTaskExecutor'
2020-02-14 00:00:23.554 [main] INFO  org.apache.coyote.http11.Http11NioProtocol - Starting ProtocolHandler ["http-nio-8888"]
2020-02-14 00:00:23.574 [main] INFO  o.s.boot.web.embedded.tomcat.TomcatWebServer - Tomcat started on port(s): 8888 (http) with context path ''
2020-02-14 00:00:23.577 [main] INFO  com.example.demo.DemoApplication - Started DemoApplication in 3.072 seconds (JVM running for 4.178)
2020-02-14 00:00:36.050 [http-nio-8888-exec-1] INFO  o.a.c.core.ContainerBase.[Tomcat].[localhost].[/] - Initializing Spring DispatcherServlet 'dispatcherServlet'
2020-02-14 00:00:36.050 [http-nio-8888-exec-1] INFO  org.springframework.web.servlet.DispatcherServlet - Initializing Servlet 'dispatcherServlet'
2020-02-14 00:00:36.056 [http-nio-8888-exec-1] INFO  org.springframework.web.servlet.DispatcherServlet - Completed initialization in 6 ms
2020-02-14 00:02:53.673 [SpringContextShutdownHook] INFO  o.s.scheduling.concurrent.ThreadPoolTaskExecutor - Shutting down ExecutorService 'applicationTaskExecutor'
2020-02-14 00:02:53.677 [SpringContextShutdownHook] INFO  com.alibaba.druid.pool.DruidDataSource - {dataSource-1} closed
2020-02-14 09:35:11.936 [main] INFO  com.example.demo.DemoApplication - Starting DemoApplication on JinQiuyang with PID 16220 (D:\Maven\demo\target\classes started by dell in D:\Maven\demo)
2020-02-14 09:35:11.940 [main] INFO  com.example.demo.DemoApplication - No active profile set, falling back to default profiles: default
2020-02-14 09:35:13.591 [main] INFO  o.s.boot.web.embedded.tomcat.TomcatWebServer - Tomcat initialized with port(s): 8888 (http)
2020-02-14 09:35:13.606 [main] INFO  org.apache.coyote.http11.Http11NioProtocol - Initializing ProtocolHandler ["http-nio-8888"]
2020-02-14 09:35:13.607 [main] INFO  org.apache.catalina.core.StandardService - Starting service [Tomcat]
2020-02-14 09:35:13.607 [main] INFO  org.apache.catalina.core.StandardEngine - Starting Servlet engine: [Apache Tomcat/9.0.30]
2020-02-14 09:35:13.610 [main] INFO  org.apache.catalina.core.AprLifecycleListener - Loaded APR based Apache Tomcat Native library [1.2.23] using APR version [1.7.0].
2020-02-14 09:35:13.611 [main] INFO  org.apache.catalina.core.AprLifecycleListener - APR capabilities: IPv6 [true], sendfile [true], accept filters [false], random [true].
2020-02-14 09:35:13.611 [main] INFO  org.apache.catalina.core.AprLifecycleListener - APR/OpenSSL configuration: useAprConnector [false], useOpenSSL [true]
2020-02-14 09:35:13.627 [main] INFO  org.apache.catalina.core.AprLifecycleListener - OpenSSL successfully initialized [OpenSSL 1.1.1c  28 May 2019]
2020-02-14 09:35:14.169 [main] INFO  o.a.c.core.ContainerBase.[Tomcat].[localhost].[/] - Initializing Spring embedded WebApplicationContext
2020-02-14 09:35:14.169 [main] INFO  org.springframework.web.context.ContextLoader - Root WebApplicationContext: initialization completed in 2135 ms
2020-02-14 09:35:15.602 [main] INFO  com.alibaba.druid.pool.DruidDataSource - {dataSource-1} inited
2020-02-14 09:35:16.043 [main] INFO  o.s.scheduling.concurrent.ThreadPoolTaskExecutor - Initializing ExecutorService 'applicationTaskExecutor'
2020-02-14 09:35:16.247 [main] INFO  org.apache.coyote.http11.Http11NioProtocol - Starting ProtocolHandler ["http-nio-8888"]
2020-02-14 09:35:16.269 [main] INFO  o.s.boot.web.embedded.tomcat.TomcatWebServer - Tomcat started on port(s): 8888 (http) with context path ''
2020-02-14 09:35:16.272 [main] INFO  com.example.demo.DemoApplication - Started DemoApplication in 5.024 seconds (JVM running for 6.916)
2020-02-14 09:35:30.335 [http-nio-8888-exec-1] INFO  o.a.c.core.ContainerBase.[Tomcat].[localhost].[/] - Initializing Spring DispatcherServlet 'dispatcherServlet'
2020-02-14 09:35:30.336 [http-nio-8888-exec-1] INFO  org.springframework.web.servlet.DispatcherServlet - Initializing Servlet 'dispatcherServlet'
2020-02-14 09:35:30.349 [http-nio-8888-exec-1] INFO  org.springframework.web.servlet.DispatcherServlet - Completed initialization in 13 ms
2020-02-14 09:36:18.065 [SpringContextShutdownHook] INFO  o.s.scheduling.concurrent.ThreadPoolTaskExecutor - Shutting down ExecutorService 'applicationTaskExecutor'
2020-02-14 09:36:18.072 [SpringContextShutdownHook] INFO  com.alibaba.druid.pool.DruidDataSource - {dataSource-1} closed
2020-02-14 11:14:47.224 [main] INFO  com.example.demo.DemoApplication - Starting DemoApplication on JinQiuyang with PID 7536 (D:\Maven\demo\target\classes started by dell in D:\Maven\demo)
2020-02-14 11:14:47.228 [main] INFO  com.example.demo.DemoApplication - No active profile set, falling back to default profiles: default
2020-02-14 11:14:48.137 [main] INFO  o.s.boot.web.embedded.tomcat.TomcatWebServer - Tomcat initialized with port(s): 8888 (http)
2020-02-14 11:14:48.144 [main] INFO  org.apache.coyote.http11.Http11NioProtocol - Initializing ProtocolHandler ["http-nio-8888"]
2020-02-14 11:14:48.144 [main] INFO  org.apache.catalina.core.StandardService - Starting service [Tomcat]
2020-02-14 11:14:48.144 [main] INFO  org.apache.catalina.core.StandardEngine - Starting Servlet engine: [Apache Tomcat/9.0.30]
2020-02-14 11:14:48.145 [main] INFO  org.apache.catalina.core.AprLifecycleListener - Loaded APR based Apache Tomcat Native library [1.2.23] using APR version [1.7.0].
2020-02-14 11:14:48.145 [main] INFO  org.apache.catalina.core.AprLifecycleListener - APR capabilities: IPv6 [true], sendfile [true], accept filters [false], random [true].
2020-02-14 11:14:48.146 [main] INFO  org.apache.catalina.core.AprLifecycleListener - APR/OpenSSL configuration: useAprConnector [false], useOpenSSL [true]
2020-02-14 11:14:48.148 [main] INFO  org.apache.catalina.core.AprLifecycleListener - OpenSSL successfully initialized [OpenSSL 1.1.1c  28 May 2019]
2020-02-14 11:14:48.204 [main] INFO  o.a.c.core.ContainerBase.[Tomcat].[localhost].[/] - Initializing Spring embedded WebApplicationContext
2020-02-14 11:14:48.204 [main] INFO  org.springframework.web.context.ContextLoader - Root WebApplicationContext: initialization completed in 872 ms
2020-02-14 11:14:48.964 [main] INFO  com.alibaba.druid.pool.DruidDataSource - {dataSource-1} inited
2020-02-14 11:14:49.162 [main] INFO  o.s.scheduling.concurrent.ThreadPoolTaskExecutor - Initializing ExecutorService 'applicationTaskExecutor'
2020-02-14 11:14:49.310 [main] INFO  org.apache.coyote.http11.Http11NioProtocol - Starting ProtocolHandler ["http-nio-8888"]
2020-02-14 11:14:49.326 [main] INFO  o.s.boot.web.embedded.tomcat.TomcatWebServer - Tomcat started on port(s): 8888 (http) with context path ''
2020-02-14 11:14:49.328 [main] INFO  com.example.demo.DemoApplication - Started DemoApplication in 2.619 seconds (JVM running for 3.43)
2020-02-14 11:16:01.071 [http-nio-8888-exec-2] INFO  o.a.c.core.ContainerBase.[Tomcat].[localhost].[/] - Initializing Spring DispatcherServlet 'dispatcherServlet'
2020-02-14 11:16:01.071 [http-nio-8888-exec-2] INFO  org.springframework.web.servlet.DispatcherServlet - Initializing Servlet 'dispatcherServlet'
2020-02-14 11:16:01.077 [http-nio-8888-exec-2] INFO  org.springframework.web.servlet.DispatcherServlet - Completed initialization in 6 ms
2020-02-14 11:20:34.016 [SpringContextShutdownHook] INFO  o.s.scheduling.concurrent.ThreadPoolTaskExecutor - Shutting down ExecutorService 'applicationTaskExecutor'
2020-02-14 11:20:34.018 [SpringContextShutdownHook] INFO  com.alibaba.druid.pool.DruidDataSource - {dataSource-1} closed
2020-02-14 11:26:54.079 [main] INFO  com.example.demo.DemoApplication - Starting DemoApplication on JinQiuyang with PID 16232 (D:\Maven\demo\target\classes started by dell in D:\Maven\demo)
2020-02-14 11:26:54.082 [main] INFO  com.example.demo.DemoApplication - No active profile set, falling back to default profiles: default
2020-02-14 11:26:54.847 [main] INFO  o.s.boot.web.embedded.tomcat.TomcatWebServer - Tomcat initialized with port(s): 8888 (http)
2020-02-14 11:26:54.853 [main] INFO  org.apache.coyote.http11.Http11NioProtocol - Initializing ProtocolHandler ["http-nio-8888"]
2020-02-14 11:26:54.854 [main] INFO  org.apache.catalina.core.StandardService - Starting service [Tomcat]
2020-02-14 11:26:54.854 [main] INFO  org.apache.catalina.core.StandardEngine - Starting Servlet engine: [Apache Tomcat/9.0.30]
2020-02-14 11:26:54.855 [main] INFO  org.apache.catalina.core.AprLifecycleListener - Loaded APR based Apache Tomcat Native library [1.2.23] using APR version [1.7.0].
2020-02-14 11:26:54.856 [main] INFO  org.apache.catalina.core.AprLifecycleListener - APR capabilities: IPv6 [true], sendfile [true], accept filters [false], random [true].
2020-02-14 11:26:54.856 [main] INFO  org.apache.catalina.core.AprLifecycleListener - APR/OpenSSL configuration: useAprConnector [false], useOpenSSL [true]
2020-02-14 11:26:54.859 [main] INFO  org.apache.catalina.core.AprLifecycleListener - OpenSSL successfully initialized [OpenSSL 1.1.1c  28 May 2019]
2020-02-14 11:26:54.917 [main] INFO  o.a.c.core.ContainerBase.[Tomcat].[localhost].[/] - Initializing Spring embedded WebApplicationContext
2020-02-14 11:26:54.917 [main] INFO  org.springframework.web.context.ContextLoader - Root WebApplicationContext: initialization completed in 771 ms
2020-02-14 11:26:55.694 [main] INFO  com.alibaba.druid.pool.DruidDataSource - {dataSource-1} inited
2020-02-14 11:26:55.939 [main] INFO  o.s.scheduling.concurrent.ThreadPoolTaskExecutor - Initializing ExecutorService 'applicationTaskExecutor'
2020-02-14 11:26:56.104 [main] INFO  org.apache.coyote.http11.Http11NioProtocol - Starting ProtocolHandler ["http-nio-8888"]
2020-02-14 11:26:56.126 [main] INFO  o.s.boot.web.embedded.tomcat.TomcatWebServer - Tomcat started on port(s): 8888 (http) with context path ''
2020-02-14 11:26:56.129 [main] INFO  com.example.demo.DemoApplication - Started DemoApplication in 2.583 seconds (JVM running for 4.021)
2020-02-14 11:29:39.798 [http-nio-8888-exec-1] INFO  o.a.c.core.ContainerBase.[Tomcat].[localhost].[/] - Initializing Spring DispatcherServlet 'dispatcherServlet'
2020-02-14 11:29:39.798 [http-nio-8888-exec-1] INFO  org.springframework.web.servlet.DispatcherServlet - Initializing Servlet 'dispatcherServlet'
2020-02-14 11:29:39.802 [http-nio-8888-exec-1] INFO  org.springframework.web.servlet.DispatcherServlet - Completed initialization in 4 ms
2020-02-14 11:35:47.007 [SpringContextShutdownHook] INFO  o.s.scheduling.concurrent.ThreadPoolTaskExecutor - Shutting down ExecutorService 'applicationTaskExecutor'
2020-02-14 11:35:47.010 [SpringContextShutdownHook] INFO  com.alibaba.druid.pool.DruidDataSource - {dataSource-1} closed
