2020-02-13 22:16:32.586 [main] INFO  com.example.demo.DemoApplication - Starting DemoApplication on JinQiuyang with PID 20048 (D:\Maven\demo\target\classes started by dell in D:\Maven\demo)
2020-02-13 22:16:32.593 [main] INFO  com.example.demo.DemoApplication - No active profile set, falling back to default profiles: default
2020-02-13 22:16:33.851 [main] INFO  o.s.boot.web.embedded.tomcat.TomcatWebServer - Tomcat initialized with port(s): 8888 (http)
2020-02-13 22:16:33.863 [main] INFO  org.apache.coyote.http11.Http11NioProtocol - Initializing ProtocolHandler ["http-nio-8888"]
2020-02-13 22:16:33.864 [main] INFO  org.apache.catalina.core.StandardService - Starting service [Tomcat]
2020-02-13 22:16:33.864 [main] INFO  org.apache.catalina.core.StandardEngine - Starting Servlet engine: [Apache Tomcat/9.0.30]
2020-02-13 22:16:33.866 [main] INFO  org.apache.catalina.core.AprLifecycleListener - Loaded APR based Apache Tomcat Native library [1.2.23] using APR version [1.7.0].
2020-02-13 22:16:33.866 [main] INFO  org.apache.catalina.core.AprLifecycleListener - APR capabilities: IPv6 [true], sendfile [true], accept filters [false], random [true].
2020-02-13 22:16:33.867 [main] INFO  org.apache.catalina.core.AprLifecycleListener - APR/OpenSSL configuration: useAprConnector [false], useOpenSSL [true]
2020-02-13 22:16:33.886 [main] INFO  org.apache.catalina.core.AprLifecycleListener - OpenSSL successfully initialized [OpenSSL 1.1.1c  28 May 2019]
2020-02-13 22:16:33.996 [main] INFO  o.a.c.core.ContainerBase.[Tomcat].[localhost].[/] - Initializing Spring embedded WebApplicationContext
2020-02-13 22:16:33.996 [main] INFO  org.springframework.web.context.ContextLoader - Root WebApplicationContext: initialization completed in 1299 ms
2020-02-13 22:16:34.289 [main] INFO  o.s.scheduling.concurrent.ThreadPoolTaskExecutor - Initializing ExecutorService 'applicationTaskExecutor'
2020-02-13 22:16:34.350 [main] INFO  o.s.scheduling.concurrent.ThreadPoolTaskExecutor - Shutting down ExecutorService 'applicationTaskExecutor'
2020-02-13 22:16:34.353 [main] INFO  org.apache.catalina.core.StandardService - Stopping service [Tomcat]
2020-02-13 22:16:34.370 [main] INFO  o.s.b.a.l.ConditionEvaluationReportLoggingListener - 

Error starting ApplicationContext. To display the conditions report re-run your application with 'debug' enabled.
2020-02-13 22:17:27.923 [main] INFO  com.example.demo.DemoApplication - Starting DemoApplication on JinQiuyang with PID 21220 (D:\Maven\demo\target\classes started by dell in D:\Maven\demo)
2020-02-13 22:17:27.927 [main] INFO  com.example.demo.DemoApplication - No active profile set, falling back to default profiles: default
2020-02-13 22:17:28.945 [main] INFO  o.s.boot.web.embedded.tomcat.TomcatWebServer - Tomcat initialized with port(s): 8888 (http)
2020-02-13 22:17:28.953 [main] INFO  org.apache.coyote.http11.Http11NioProtocol - Initializing ProtocolHandler ["http-nio-8888"]
2020-02-13 22:17:28.954 [main] INFO  org.apache.catalina.core.StandardService - Starting service [Tomcat]
2020-02-13 22:17:28.954 [main] INFO  org.apache.catalina.core.StandardEngine - Starting Servlet engine: [Apache Tomcat/9.0.30]
2020-02-13 22:17:28.955 [main] INFO  org.apache.catalina.core.AprLifecycleListener - Loaded APR based Apache Tomcat Native library [1.2.23] using APR version [1.7.0].
2020-02-13 22:17:28.956 [main] INFO  org.apache.catalina.core.AprLifecycleListener - APR capabilities: IPv6 [true], sendfile [true], accept filters [false], random [true].
2020-02-13 22:17:28.956 [main] INFO  org.apache.catalina.core.AprLifecycleListener - APR/OpenSSL configuration: useAprConnector [false], useOpenSSL [true]
2020-02-13 22:17:28.959 [main] INFO  org.apache.catalina.core.AprLifecycleListener - OpenSSL successfully initialized [OpenSSL 1.1.1c  28 May 2019]
2020-02-13 22:17:29.029 [main] INFO  o.a.c.core.ContainerBase.[Tomcat].[localhost].[/] - Initializing Spring embedded WebApplicationContext
2020-02-13 22:17:29.029 [main] INFO  org.springframework.web.context.ContextLoader - Root WebApplicationContext: initialization completed in 992 ms
2020-02-13 22:17:29.267 [main] INFO  o.s.scheduling.concurrent.ThreadPoolTaskExecutor - Initializing ExecutorService 'applicationTaskExecutor'
2020-02-13 22:17:30.233 [main] INFO  com.alibaba.druid.pool.DruidDataSource - {dataSource-1} inited
2020-02-13 22:17:30.257 [main] INFO  o.s.scheduling.concurrent.ThreadPoolTaskExecutor - Shutting down ExecutorService 'applicationTaskExecutor'
2020-02-13 22:17:30.260 [main] INFO  com.alibaba.druid.pool.DruidDataSource - {dataSource-1} closed
2020-02-13 22:17:30.262 [main] INFO  org.apache.catalina.core.StandardService - Stopping service [Tomcat]
2020-02-13 22:17:30.276 [main] INFO  o.s.b.a.l.ConditionEvaluationReportLoggingListener - 

Error starting ApplicationContext. To display the conditions report re-run your application with 'debug' enabled.
2020-02-13 22:18:44.637 [main] INFO  com.example.demo.DemoApplication - Starting DemoApplication on JinQiuyang with PID 19444 (D:\Maven\demo\target\classes started by dell in D:\Maven\demo)
2020-02-13 22:18:44.641 [main] INFO  com.example.demo.DemoApplication - No active profile set, falling back to default profiles: default
2020-02-13 22:18:45.541 [main] INFO  o.s.boot.web.embedded.tomcat.TomcatWebServer - Tomcat initialized with port(s): 8888 (http)
2020-02-13 22:18:45.548 [main] INFO  org.apache.coyote.http11.Http11NioProtocol - Initializing ProtocolHandler ["http-nio-8888"]
2020-02-13 22:18:45.549 [main] INFO  org.apache.catalina.core.StandardService - Starting service [Tomcat]
2020-02-13 22:18:45.549 [main] INFO  org.apache.catalina.core.StandardEngine - Starting Servlet engine: [Apache Tomcat/9.0.30]
2020-02-13 22:18:45.550 [main] INFO  org.apache.catalina.core.AprLifecycleListener - Loaded APR based Apache Tomcat Native library [1.2.23] using APR version [1.7.0].
2020-02-13 22:18:45.550 [main] INFO  org.apache.catalina.core.AprLifecycleListener - APR capabilities: IPv6 [true], sendfile [true], accept filters [false], random [true].
2020-02-13 22:18:45.550 [main] INFO  org.apache.catalina.core.AprLifecycleListener - APR/OpenSSL configuration: useAprConnector [false], useOpenSSL [true]
2020-02-13 22:18:45.553 [main] INFO  org.apache.catalina.core.AprLifecycleListener - OpenSSL successfully initialized [OpenSSL 1.1.1c  28 May 2019]
2020-02-13 22:18:45.616 [main] INFO  o.a.c.core.ContainerBase.[Tomcat].[localhost].[/] - Initializing Spring embedded WebApplicationContext
2020-02-13 22:18:45.616 [main] INFO  org.springframework.web.context.ContextLoader - Root WebApplicationContext: initialization completed in 930 ms
2020-02-13 22:18:45.810 [main] INFO  o.s.scheduling.concurrent.ThreadPoolTaskExecutor - Initializing ExecutorService 'applicationTaskExecutor'
2020-02-13 22:18:46.683 [main] INFO  com.alibaba.druid.pool.DruidDataSource - {dataSource-1} inited
2020-02-13 22:18:46.701 [main] INFO  o.s.scheduling.concurrent.ThreadPoolTaskExecutor - Shutting down ExecutorService 'applicationTaskExecutor'
2020-02-13 22:18:46.704 [main] INFO  com.alibaba.druid.pool.DruidDataSource - {dataSource-1} closed
2020-02-13 22:18:46.706 [main] INFO  org.apache.catalina.core.StandardService - Stopping service [Tomcat]
2020-02-13 22:18:46.715 [main] INFO  o.s.b.a.l.ConditionEvaluationReportLoggingListener - 

Error starting ApplicationContext. To display the conditions report re-run your application with 'debug' enabled.
2020-02-13 22:19:20.950 [main] INFO  com.example.demo.DemoApplication - Starting DemoApplication on JinQiuyang with PID 22312 (D:\Maven\demo\target\classes started by dell in D:\Maven\demo)
2020-02-13 22:19:20.955 [main] INFO  com.example.demo.DemoApplication - No active profile set, falling back to default profiles: default
2020-02-13 22:19:22.016 [main] INFO  o.s.boot.web.embedded.tomcat.TomcatWebServer - Tomcat initialized with port(s): 8888 (http)
2020-02-13 22:19:22.025 [main] INFO  org.apache.coyote.http11.Http11NioProtocol - Initializing ProtocolHandler ["http-nio-8888"]
2020-02-13 22:19:22.025 [main] INFO  org.apache.catalina.core.StandardService - Starting service [Tomcat]
2020-02-13 22:19:22.025 [main] INFO  org.apache.catalina.core.StandardEngine - Starting Servlet engine: [Apache Tomcat/9.0.30]
2020-02-13 22:19:22.027 [main] INFO  org.apache.catalina.core.AprLifecycleListener - Loaded APR based Apache Tomcat Native library [1.2.23] using APR version [1.7.0].
2020-02-13 22:19:22.027 [main] INFO  org.apache.catalina.core.AprLifecycleListener - APR capabilities: IPv6 [true], sendfile [true], accept filters [false], random [true].
2020-02-13 22:19:22.027 [main] INFO  org.apache.catalina.core.AprLifecycleListener - APR/OpenSSL configuration: useAprConnector [false], useOpenSSL [true]
2020-02-13 22:19:22.031 [main] INFO  org.apache.catalina.core.AprLifecycleListener - OpenSSL successfully initialized [OpenSSL 1.1.1c  28 May 2019]
2020-02-13 22:19:22.101 [main] INFO  o.a.c.core.ContainerBase.[Tomcat].[localhost].[/] - Initializing Spring embedded WebApplicationContext
2020-02-13 22:19:22.101 [main] INFO  org.springframework.web.context.ContextLoader - Root WebApplicationContext: initialization completed in 1041 ms
2020-02-13 22:19:22.359 [main] INFO  o.s.scheduling.concurrent.ThreadPoolTaskExecutor - Initializing ExecutorService 'applicationTaskExecutor'
2020-02-13 22:19:23.301 [main] INFO  com.alibaba.druid.pool.DruidDataSource - {dataSource-1} inited
2020-02-13 22:19:23.322 [main] INFO  o.s.scheduling.concurrent.ThreadPoolTaskExecutor - Shutting down ExecutorService 'applicationTaskExecutor'
2020-02-13 22:19:23.325 [main] INFO  com.alibaba.druid.pool.DruidDataSource - {dataSource-1} closed
2020-02-13 22:19:23.329 [main] INFO  org.apache.catalina.core.StandardService - Stopping service [Tomcat]
2020-02-13 22:19:23.338 [main] INFO  o.s.b.a.l.ConditionEvaluationReportLoggingListener - 

Error starting ApplicationContext. To display the conditions report re-run your application with 'debug' enabled.
2020-02-13 22:21:02.099 [main] INFO  com.example.demo.DemoApplication - Starting DemoApplication on JinQiuyang with PID 23240 (D:\Maven\demo\target\classes started by dell in D:\Maven\demo)
2020-02-13 22:21:02.102 [main] INFO  com.example.demo.DemoApplication - No active profile set, falling back to default profiles: default
2020-02-13 22:21:03.121 [main] INFO  o.s.boot.web.embedded.tomcat.TomcatWebServer - Tomcat initialized with port(s): 8888 (http)
2020-02-13 22:21:03.129 [main] INFO  org.apache.coyote.http11.Http11NioProtocol - Initializing ProtocolHandler ["http-nio-8888"]
2020-02-13 22:21:03.130 [main] INFO  org.apache.catalina.core.StandardService - Starting service [Tomcat]
2020-02-13 22:21:03.130 [main] INFO  org.apache.catalina.core.StandardEngine - Starting Servlet engine: [Apache Tomcat/9.0.30]
2020-02-13 22:21:03.132 [main] INFO  org.apache.catalina.core.AprLifecycleListener - Loaded APR based Apache Tomcat Native library [1.2.23] using APR version [1.7.0].
2020-02-13 22:21:03.132 [main] INFO  org.apache.catalina.core.AprLifecycleListener - APR capabilities: IPv6 [true], sendfile [true], accept filters [false], random [true].
2020-02-13 22:21:03.133 [main] INFO  org.apache.catalina.core.AprLifecycleListener - APR/OpenSSL configuration: useAprConnector [false], useOpenSSL [true]
2020-02-13 22:21:03.138 [main] INFO  org.apache.catalina.core.AprLifecycleListener - OpenSSL successfully initialized [OpenSSL 1.1.1c  28 May 2019]
2020-02-13 22:21:03.224 [main] INFO  o.a.c.core.ContainerBase.[Tomcat].[localhost].[/] - Initializing Spring embedded WebApplicationContext
2020-02-13 22:21:03.224 [main] INFO  org.springframework.web.context.ContextLoader - Root WebApplicationContext: initialization completed in 1035 ms
2020-02-13 22:21:03.480 [main] INFO  o.s.scheduling.concurrent.ThreadPoolTaskExecutor - Initializing ExecutorService 'applicationTaskExecutor'
2020-02-13 22:21:04.415 [main] INFO  com.alibaba.druid.pool.DruidDataSource - {dataSource-1} inited
2020-02-13 22:21:04.490 [main] INFO  org.apache.coyote.http11.Http11NioProtocol - Starting ProtocolHandler ["http-nio-8888"]
2020-02-13 22:21:04.510 [main] INFO  o.s.boot.web.embedded.tomcat.TomcatWebServer - Tomcat started on port(s): 8888 (http) with context path ''
2020-02-13 22:21:04.513 [main] INFO  com.example.demo.DemoApplication - Started DemoApplication in 3.067 seconds (JVM running for 4.219)
2020-02-13 22:21:14.672 [http-nio-8888-exec-1] INFO  o.a.c.core.ContainerBase.[Tomcat].[localhost].[/] - Initializing Spring DispatcherServlet 'dispatcherServlet'
2020-02-13 22:21:14.672 [http-nio-8888-exec-1] INFO  org.springframework.web.servlet.DispatcherServlet - Initializing Servlet 'dispatcherServlet'
2020-02-13 22:21:14.679 [http-nio-8888-exec-1] INFO  org.springframework.web.servlet.DispatcherServlet - Completed initialization in 7 ms
2020-02-13 22:21:14.703 [http-nio-8888-exec-1] INFO  com.example.demo.DemoApplication - #####info#####
2020-02-13 22:41:43.230 [SpringContextShutdownHook] INFO  o.s.scheduling.concurrent.ThreadPoolTaskExecutor - Shutting down ExecutorService 'applicationTaskExecutor'
2020-02-13 22:41:43.235 [SpringContextShutdownHook] INFO  com.alibaba.druid.pool.DruidDataSource - {dataSource-1} closed
2020-02-13 22:41:50.777 [main] INFO  com.example.demo.DemoApplication - Starting DemoApplication on JinQiuyang with PID 20824 (D:\Maven\demo\target\classes started by dell in D:\Maven\demo)
2020-02-13 22:41:50.780 [main] INFO  com.example.demo.DemoApplication - No active profile set, falling back to default profiles: default
2020-02-13 22:41:51.737 [main] INFO  o.s.boot.web.embedded.tomcat.TomcatWebServer - Tomcat initialized with port(s): 8888 (http)
2020-02-13 22:41:51.744 [main] INFO  org.apache.coyote.http11.Http11NioProtocol - Initializing ProtocolHandler ["http-nio-8888"]
2020-02-13 22:41:51.745 [main] INFO  org.apache.catalina.core.StandardService - Starting service [Tomcat]
2020-02-13 22:41:51.745 [main] INFO  org.apache.catalina.core.StandardEngine - Starting Servlet engine: [Apache Tomcat/9.0.30]
2020-02-13 22:41:51.746 [main] INFO  org.apache.catalina.core.AprLifecycleListener - Loaded APR based Apache Tomcat Native library [1.2.23] using APR version [1.7.0].
2020-02-13 22:41:51.746 [main] INFO  org.apache.catalina.core.AprLifecycleListener - APR capabilities: IPv6 [true], sendfile [true], accept filters [false], random [true].
2020-02-13 22:41:51.747 [main] INFO  org.apache.catalina.core.AprLifecycleListener - APR/OpenSSL configuration: useAprConnector [false], useOpenSSL [true]
2020-02-13 22:41:51.749 [main] INFO  org.apache.catalina.core.AprLifecycleListener - OpenSSL successfully initialized [OpenSSL 1.1.1c  28 May 2019]
2020-02-13 22:41:51.833 [main] INFO  o.a.c.core.ContainerBase.[Tomcat].[localhost].[/] - Initializing Spring embedded WebApplicationContext
2020-02-13 22:41:51.833 [main] INFO  org.springframework.web.context.ContextLoader - Root WebApplicationContext: initialization completed in 996 ms
2020-02-13 22:41:51.991 [main] INFO  org.apache.catalina.core.StandardService - Stopping service [Tomcat]
2020-02-13 22:41:52.017 [main] INFO  o.s.b.a.l.ConditionEvaluationReportLoggingListener - 

Error starting ApplicationContext. To display the conditions report re-run your application with 'debug' enabled.
2020-02-13 22:50:38.707 [main] INFO  com.example.demo.DemoApplication - Starting DemoApplication on JinQiuyang with PID 12508 (D:\Maven\demo\target\classes started by dell in D:\Maven\demo)
2020-02-13 22:50:38.711 [main] INFO  com.example.demo.DemoApplication - No active profile set, falling back to default profiles: default
2020-02-13 22:50:39.639 [main] INFO  o.s.boot.web.embedded.tomcat.TomcatWebServer - Tomcat initialized with port(s): 8888 (http)
2020-02-13 22:50:39.647 [main] INFO  org.apache.coyote.http11.Http11NioProtocol - Initializing ProtocolHandler ["http-nio-8888"]
2020-02-13 22:50:39.649 [main] INFO  org.apache.catalina.core.StandardService - Starting service [Tomcat]
2020-02-13 22:50:39.649 [main] INFO  org.apache.catalina.core.StandardEngine - Starting Servlet engine: [Apache Tomcat/9.0.30]
2020-02-13 22:50:39.651 [main] INFO  org.apache.catalina.core.AprLifecycleListener - Loaded APR based Apache Tomcat Native library [1.2.23] using APR version [1.7.0].
2020-02-13 22:50:39.652 [main] INFO  org.apache.catalina.core.AprLifecycleListener - APR capabilities: IPv6 [true], sendfile [true], accept filters [false], random [true].
2020-02-13 22:50:39.652 [main] INFO  org.apache.catalina.core.AprLifecycleListener - APR/OpenSSL configuration: useAprConnector [false], useOpenSSL [true]
2020-02-13 22:50:39.657 [main] INFO  org.apache.catalina.core.AprLifecycleListener - OpenSSL successfully initialized [OpenSSL 1.1.1c  28 May 2019]
2020-02-13 22:50:39.732 [main] INFO  o.a.c.core.ContainerBase.[Tomcat].[localhost].[/] - Initializing Spring embedded WebApplicationContext
2020-02-13 22:50:39.732 [main] INFO  org.springframework.web.context.ContextLoader - Root WebApplicationContext: initialization completed in 964 ms
2020-02-13 22:50:39.855 [main] INFO  org.apache.catalina.core.StandardService - Stopping service [Tomcat]
2020-02-13 22:50:39.871 [main] INFO  o.s.b.a.l.ConditionEvaluationReportLoggingListener - 

Error starting ApplicationContext. To display the conditions report re-run your application with 'debug' enabled.
2020-02-13 23:25:00.486 [main] INFO  com.example.demo.DemoApplication - Starting DemoApplication on JinQiuyang with PID 12412 (D:\Maven\demo\target\classes started by dell in D:\Maven\demo)
2020-02-13 23:25:00.490 [main] INFO  com.example.demo.DemoApplication - No active profile set, falling back to default profiles: default
2020-02-13 23:25:01.371 [main] INFO  o.s.boot.web.embedded.tomcat.TomcatWebServer - Tomcat initialized with port(s): 8888 (http)
2020-02-13 23:25:01.377 [main] INFO  org.apache.coyote.http11.Http11NioProtocol - Initializing ProtocolHandler ["http-nio-8888"]
2020-02-13 23:25:01.378 [main] INFO  org.apache.catalina.core.StandardService - Starting service [Tomcat]
2020-02-13 23:25:01.378 [main] INFO  org.apache.catalina.core.StandardEngine - Starting Servlet engine: [Apache Tomcat/9.0.30]
2020-02-13 23:25:01.379 [main] INFO  org.apache.catalina.core.AprLifecycleListener - Loaded APR based Apache Tomcat Native library [1.2.23] using APR version [1.7.0].
2020-02-13 23:25:01.379 [main] INFO  org.apache.catalina.core.AprLifecycleListener - APR capabilities: IPv6 [true], sendfile [true], accept filters [false], random [true].
2020-02-13 23:25:01.380 [main] INFO  org.apache.catalina.core.AprLifecycleListener - APR/OpenSSL configuration: useAprConnector [false], useOpenSSL [true]
2020-02-13 23:25:01.383 [main] INFO  org.apache.catalina.core.AprLifecycleListener - OpenSSL successfully initialized [OpenSSL 1.1.1c  28 May 2019]
2020-02-13 23:25:01.448 [main] INFO  o.a.c.core.ContainerBase.[Tomcat].[localhost].[/] - Initializing Spring embedded WebApplicationContext
2020-02-13 23:25:01.448 [main] INFO  org.springframework.web.context.ContextLoader - Root WebApplicationContext: initialization completed in 907 ms
2020-02-13 23:25:01.560 [main] INFO  org.apache.catalina.core.StandardService - Stopping service [Tomcat]
2020-02-13 23:25:01.574 [main] INFO  o.s.b.a.l.ConditionEvaluationReportLoggingListener - 

Error starting ApplicationContext. To display the conditions report re-run your application with 'debug' enabled.
2020-02-13 23:25:31.117 [main] INFO  com.example.demo.DemoApplication - Starting DemoApplication on JinQiuyang with PID 6792 (D:\Maven\demo\target\classes started by dell in D:\Maven\demo)
2020-02-13 23:25:31.121 [main] INFO  com.example.demo.DemoApplication - No active profile set, falling back to default profiles: default
2020-02-13 23:25:32.156 [main] INFO  o.s.boot.web.embedded.tomcat.TomcatWebServer - Tomcat initialized with port(s): 8888 (http)
2020-02-13 23:25:32.164 [main] INFO  org.apache.coyote.http11.Http11NioProtocol - Initializing ProtocolHandler ["http-nio-8888"]
2020-02-13 23:25:32.165 [main] INFO  org.apache.catalina.core.StandardService - Starting service [Tomcat]
2020-02-13 23:25:32.165 [main] INFO  org.apache.catalina.core.StandardEngine - Starting Servlet engine: [Apache Tomcat/9.0.30]
2020-02-13 23:25:32.166 [main] INFO  org.apache.catalina.core.AprLifecycleListener - Loaded APR based Apache Tomcat Native library [1.2.23] using APR version [1.7.0].
2020-02-13 23:25:32.167 [main] INFO  org.apache.catalina.core.AprLifecycleListener - APR capabilities: IPv6 [true], sendfile [true], accept filters [false], random [true].
2020-02-13 23:25:32.167 [main] INFO  org.apache.catalina.core.AprLifecycleListener - APR/OpenSSL configuration: useAprConnector [false], useOpenSSL [true]
2020-02-13 23:25:32.170 [main] INFO  org.apache.catalina.core.AprLifecycleListener - OpenSSL successfully initialized [OpenSSL 1.1.1c  28 May 2019]
2020-02-13 23:25:32.243 [main] INFO  o.a.c.core.ContainerBase.[Tomcat].[localhost].[/] - Initializing Spring embedded WebApplicationContext
2020-02-13 23:25:32.243 [main] INFO  org.springframework.web.context.ContextLoader - Root WebApplicationContext: initialization completed in 1022 ms
2020-02-13 23:25:32.382 [main] INFO  org.apache.catalina.core.StandardService - Stopping service [Tomcat]
2020-02-13 23:25:32.401 [main] INFO  o.s.b.a.l.ConditionEvaluationReportLoggingListener - 

Error starting ApplicationContext. To display the conditions report re-run your application with 'debug' enabled.
2020-02-13 23:27:37.944 [main] INFO  com.example.demo.DemoApplication - Starting DemoApplication on JinQiuyang with PID 17396 (D:\Maven\demo\target\classes started by dell in D:\Maven\demo)
2020-02-13 23:27:37.947 [main] INFO  com.example.demo.DemoApplication - No active profile set, falling back to default profiles: default
2020-02-13 23:27:38.976 [main] INFO  o.s.boot.web.embedded.tomcat.TomcatWebServer - Tomcat initialized with port(s): 8888 (http)
2020-02-13 23:27:38.984 [main] INFO  org.apache.coyote.http11.Http11NioProtocol - Initializing ProtocolHandler ["http-nio-8888"]
2020-02-13 23:27:38.985 [main] INFO  org.apache.catalina.core.StandardService - Starting service [Tomcat]
2020-02-13 23:27:38.985 [main] INFO  org.apache.catalina.core.StandardEngine - Starting Servlet engine: [Apache Tomcat/9.0.30]
2020-02-13 23:27:38.986 [main] INFO  org.apache.catalina.core.AprLifecycleListener - Loaded APR based Apache Tomcat Native library [1.2.23] using APR version [1.7.0].
2020-02-13 23:27:38.987 [main] INFO  org.apache.catalina.core.AprLifecycleListener - APR capabilities: IPv6 [true], sendfile [true], accept filters [false], random [true].
2020-02-13 23:27:38.987 [main] INFO  org.apache.catalina.core.AprLifecycleListener - APR/OpenSSL configuration: useAprConnector [false], useOpenSSL [true]
2020-02-13 23:27:38.990 [main] INFO  org.apache.catalina.core.AprLifecycleListener - OpenSSL successfully initialized [OpenSSL 1.1.1c  28 May 2019]
2020-02-13 23:27:39.063 [main] INFO  o.a.c.core.ContainerBase.[Tomcat].[localhost].[/] - Initializing Spring embedded WebApplicationContext
2020-02-13 23:27:39.063 [main] INFO  org.springframework.web.context.ContextLoader - Root WebApplicationContext: initialization completed in 1012 ms
2020-02-13 23:27:39.211 [main] INFO  org.apache.catalina.core.StandardService - Stopping service [Tomcat]
2020-02-13 23:27:39.230 [main] INFO  o.s.b.a.l.ConditionEvaluationReportLoggingListener - 

Error starting ApplicationContext. To display the conditions report re-run your application with 'debug' enabled.
2020-02-13 23:28:26.351 [main] INFO  com.example.demo.DemoApplication - Starting DemoApplication on JinQiuyang with PID 3080 (D:\Maven\demo\target\classes started by dell in D:\Maven\demo)
2020-02-13 23:28:26.354 [main] INFO  com.example.demo.DemoApplication - No active profile set, falling back to default profiles: default
2020-02-13 23:28:27.236 [main] INFO  o.s.boot.web.embedded.tomcat.TomcatWebServer - Tomcat initialized with port(s): 8888 (http)
2020-02-13 23:28:27.243 [main] INFO  org.apache.coyote.http11.Http11NioProtocol - Initializing ProtocolHandler ["http-nio-8888"]
2020-02-13 23:28:27.245 [main] INFO  org.apache.catalina.core.StandardService - Starting service [Tomcat]
2020-02-13 23:28:27.245 [main] INFO  org.apache.catalina.core.StandardEngine - Starting Servlet engine: [Apache Tomcat/9.0.30]
2020-02-13 23:28:27.245 [main] INFO  org.apache.catalina.core.AprLifecycleListener - Loaded APR based Apache Tomcat Native library [1.2.23] using APR version [1.7.0].
2020-02-13 23:28:27.246 [main] INFO  org.apache.catalina.core.AprLifecycleListener - APR capabilities: IPv6 [true], sendfile [true], accept filters [false], random [true].
2020-02-13 23:28:27.247 [main] INFO  org.apache.catalina.core.AprLifecycleListener - APR/OpenSSL configuration: useAprConnector [false], useOpenSSL [true]
2020-02-13 23:28:27.250 [main] INFO  org.apache.catalina.core.AprLifecycleListener - OpenSSL successfully initialized [OpenSSL 1.1.1c  28 May 2019]
2020-02-13 23:28:27.315 [main] INFO  o.a.c.core.ContainerBase.[Tomcat].[localhost].[/] - Initializing Spring embedded WebApplicationContext
2020-02-13 23:28:27.315 [main] INFO  org.springframework.web.context.ContextLoader - Root WebApplicationContext: initialization completed in 872 ms
2020-02-13 23:28:27.428 [main] INFO  org.apache.catalina.core.StandardService - Stopping service [Tomcat]
2020-02-13 23:28:27.442 [main] INFO  o.s.b.a.l.ConditionEvaluationReportLoggingListener - 

Error starting ApplicationContext. To display the conditions report re-run your application with 'debug' enabled.
2020-02-13 23:31:17.407 [main] INFO  com.example.demo.DemoApplication - Starting DemoApplication on JinQiuyang with PID 13980 (D:\Maven\demo\target\classes started by dell in D:\Maven\demo)
2020-02-13 23:31:17.410 [main] INFO  com.example.demo.DemoApplication - No active profile set, falling back to default profiles: default
2020-02-13 23:31:18.475 [main] INFO  o.s.boot.web.embedded.tomcat.TomcatWebServer - Tomcat initialized with port(s): 8888 (http)
2020-02-13 23:31:18.483 [main] INFO  org.apache.coyote.http11.Http11NioProtocol - Initializing ProtocolHandler ["http-nio-8888"]
2020-02-13 23:31:18.483 [main] INFO  org.apache.catalina.core.StandardService - Starting service [Tomcat]
2020-02-13 23:31:18.484 [main] INFO  org.apache.catalina.core.StandardEngine - Starting Servlet engine: [Apache Tomcat/9.0.30]
2020-02-13 23:31:18.485 [main] INFO  org.apache.catalina.core.AprLifecycleListener - Loaded APR based Apache Tomcat Native library [1.2.23] using APR version [1.7.0].
2020-02-13 23:31:18.485 [main] INFO  org.apache.catalina.core.AprLifecycleListener - APR capabilities: IPv6 [true], sendfile [true], accept filters [false], random [true].
2020-02-13 23:31:18.485 [main] INFO  org.apache.catalina.core.AprLifecycleListener - APR/OpenSSL configuration: useAprConnector [false], useOpenSSL [true]
2020-02-13 23:31:18.488 [main] INFO  org.apache.catalina.core.AprLifecycleListener - OpenSSL successfully initialized [OpenSSL 1.1.1c  28 May 2019]
2020-02-13 23:31:18.560 [main] INFO  o.a.c.core.ContainerBase.[Tomcat].[localhost].[/] - Initializing Spring embedded WebApplicationContext
2020-02-13 23:31:18.560 [main] INFO  org.springframework.web.context.ContextLoader - Root WebApplicationContext: initialization completed in 1059 ms
2020-02-13 23:31:19.494 [main] INFO  com.alibaba.druid.pool.DruidDataSource - {dataSource-1} inited
2020-02-13 23:31:19.551 [main] INFO  com.alibaba.druid.pool.DruidDataSource - {dataSource-1} closed
2020-02-13 23:31:19.554 [main] INFO  org.apache.catalina.core.StandardService - Stopping service [Tomcat]
2020-02-13 23:31:19.564 [main] INFO  o.s.b.a.l.ConditionEvaluationReportLoggingListener - 

Error starting ApplicationContext. To display the conditions report re-run your application with 'debug' enabled.
2020-02-13 23:33:12.192 [main] INFO  com.example.demo.DemoApplication - Starting DemoApplication on JinQiuyang with PID 17864 (D:\Maven\demo\target\classes started by dell in D:\Maven\demo)
2020-02-13 23:33:12.195 [main] INFO  com.example.demo.DemoApplication - No active profile set, falling back to default profiles: default
2020-02-13 23:33:13.253 [main] INFO  o.s.boot.web.embedded.tomcat.TomcatWebServer - Tomcat initialized with port(s): 8888 (http)
2020-02-13 23:33:13.261 [main] INFO  org.apache.coyote.http11.Http11NioProtocol - Initializing ProtocolHandler ["http-nio-8888"]
2020-02-13 23:33:13.262 [main] INFO  org.apache.catalina.core.StandardService - Starting service [Tomcat]
2020-02-13 23:33:13.262 [main] INFO  org.apache.catalina.core.StandardEngine - Starting Servlet engine: [Apache Tomcat/9.0.30]
2020-02-13 23:33:13.264 [main] INFO  org.apache.catalina.core.AprLifecycleListener - Loaded APR based Apache Tomcat Native library [1.2.23] using APR version [1.7.0].
2020-02-13 23:33:13.264 [main] INFO  org.apache.catalina.core.AprLifecycleListener - APR capabilities: IPv6 [true], sendfile [true], accept filters [false], random [true].
2020-02-13 23:33:13.264 [main] INFO  org.apache.catalina.core.AprLifecycleListener - APR/OpenSSL configuration: useAprConnector [false], useOpenSSL [true]
2020-02-13 23:33:13.267 [main] INFO  org.apache.catalina.core.AprLifecycleListener - OpenSSL successfully initialized [OpenSSL 1.1.1c  28 May 2019]
2020-02-13 23:33:13.336 [main] INFO  o.a.c.core.ContainerBase.[Tomcat].[localhost].[/] - Initializing Spring embedded WebApplicationContext
2020-02-13 23:33:13.336 [main] INFO  org.springframework.web.context.ContextLoader - Root WebApplicationContext: initialization completed in 1022 ms
2020-02-13 23:33:14.271 [main] INFO  com.alibaba.druid.pool.DruidDataSource - {dataSource-1} inited
2020-02-13 23:33:14.328 [main] INFO  com.alibaba.druid.pool.DruidDataSource - {dataSource-1} closed
2020-02-13 23:33:14.331 [main] INFO  org.apache.catalina.core.StandardService - Stopping service [Tomcat]
2020-02-13 23:33:14.341 [main] INFO  o.s.b.a.l.ConditionEvaluationReportLoggingListener - 

Error starting ApplicationContext. To display the conditions report re-run your application with 'debug' enabled.
2020-02-13 23:33:40.203 [main] INFO  com.example.demo.DemoApplication - Starting DemoApplication on JinQiuyang with PID 20304 (D:\Maven\demo\target\classes started by dell in D:\Maven\demo)
2020-02-13 23:33:40.206 [main] INFO  com.example.demo.DemoApplication - No active profile set, falling back to default profiles: default
2020-02-13 23:33:41.251 [main] INFO  o.s.boot.web.embedded.tomcat.TomcatWebServer - Tomcat initialized with port(s): 8888 (http)
2020-02-13 23:33:41.261 [main] INFO  org.apache.coyote.http11.Http11NioProtocol - Initializing ProtocolHandler ["http-nio-8888"]
2020-02-13 23:33:41.262 [main] INFO  org.apache.catalina.core.StandardService - Starting service [Tomcat]
2020-02-13 23:33:41.262 [main] INFO  org.apache.catalina.core.StandardEngine - Starting Servlet engine: [Apache Tomcat/9.0.30]
2020-02-13 23:33:41.263 [main] INFO  org.apache.catalina.core.AprLifecycleListener - Loaded APR based Apache Tomcat Native library [1.2.23] using APR version [1.7.0].
2020-02-13 23:33:41.264 [main] INFO  org.apache.catalina.core.AprLifecycleListener - APR capabilities: IPv6 [true], sendfile [true], accept filters [false], random [true].
2020-02-13 23:33:41.264 [main] INFO  org.apache.catalina.core.AprLifecycleListener - APR/OpenSSL configuration: useAprConnector [false], useOpenSSL [true]
2020-02-13 23:33:41.267 [main] INFO  org.apache.catalina.core.AprLifecycleListener - OpenSSL successfully initialized [OpenSSL 1.1.1c  28 May 2019]
2020-02-13 23:33:41.346 [main] INFO  o.a.c.core.ContainerBase.[Tomcat].[localhost].[/] - Initializing Spring embedded WebApplicationContext
2020-02-13 23:33:41.347 [main] INFO  org.springframework.web.context.ContextLoader - Root WebApplicationContext: initialization completed in 1055 ms
2020-02-13 23:33:41.505 [main] INFO  org.apache.catalina.core.StandardService - Stopping service [Tomcat]
2020-02-13 23:33:41.529 [main] INFO  o.s.b.a.l.ConditionEvaluationReportLoggingListener - 

Error starting ApplicationContext. To display the conditions report re-run your application with 'debug' enabled.
2020-02-13 23:36:26.275 [main] INFO  com.example.demo.DemoApplication - Starting DemoApplication on JinQiuyang with PID 15192 (D:\Maven\demo\target\classes started by dell in D:\Maven\demo)
2020-02-13 23:36:26.278 [main] INFO  com.example.demo.DemoApplication - No active profile set, falling back to default profiles: default
2020-02-13 23:36:27.261 [main] INFO  o.s.boot.web.embedded.tomcat.TomcatWebServer - Tomcat initialized with port(s): 8888 (http)
2020-02-13 23:36:27.270 [main] INFO  org.apache.coyote.http11.Http11NioProtocol - Initializing ProtocolHandler ["http-nio-8888"]
2020-02-13 23:36:27.270 [main] INFO  org.apache.catalina.core.StandardService - Starting service [Tomcat]
2020-02-13 23:36:27.271 [main] INFO  org.apache.catalina.core.StandardEngine - Starting Servlet engine: [Apache Tomcat/9.0.30]
2020-02-13 23:36:27.272 [main] INFO  org.apache.catalina.core.AprLifecycleListener - Loaded APR based Apache Tomcat Native library [1.2.23] using APR version [1.7.0].
2020-02-13 23:36:27.272 [main] INFO  org.apache.catalina.core.AprLifecycleListener - APR capabilities: IPv6 [true], sendfile [true], accept filters [false], random [true].
2020-02-13 23:36:27.273 [main] INFO  org.apache.catalina.core.AprLifecycleListener - APR/OpenSSL configuration: useAprConnector [false], useOpenSSL [true]
2020-02-13 23:36:27.276 [main] INFO  org.apache.catalina.core.AprLifecycleListener - OpenSSL successfully initialized [OpenSSL 1.1.1c  28 May 2019]
2020-02-13 23:36:27.349 [main] INFO  o.a.c.core.ContainerBase.[Tomcat].[localhost].[/] - Initializing Spring embedded WebApplicationContext
2020-02-13 23:36:27.349 [main] INFO  org.springframework.web.context.ContextLoader - Root WebApplicationContext: initialization completed in 971 ms
2020-02-13 23:36:28.314 [main] INFO  com.alibaba.druid.pool.DruidDataSource - {dataSource-1} inited
2020-02-13 23:36:28.372 [main] INFO  com.alibaba.druid.pool.DruidDataSource - {dataSource-1} closed
2020-02-13 23:36:28.375 [main] INFO  org.apache.catalina.core.StandardService - Stopping service [Tomcat]
2020-02-13 23:36:28.385 [main] INFO  o.s.b.a.l.ConditionEvaluationReportLoggingListener - 

Error starting ApplicationContext. To display the conditions report re-run your application with 'debug' enabled.
2020-02-13 23:37:16.826 [main] INFO  com.example.demo.DemoApplication - Starting DemoApplication on JinQiuyang with PID 3492 (D:\Maven\demo\target\classes started by dell in D:\Maven\demo)
2020-02-13 23:37:16.829 [main] INFO  com.example.demo.DemoApplication - No active profile set, falling back to default profiles: default
2020-02-13 23:37:17.798 [main] INFO  o.s.boot.web.embedded.tomcat.TomcatWebServer - Tomcat initialized with port(s): 8888 (http)
2020-02-13 23:37:17.806 [main] INFO  org.apache.coyote.http11.Http11NioProtocol - Initializing ProtocolHandler ["http-nio-8888"]
2020-02-13 23:37:17.807 [main] INFO  org.apache.catalina.core.StandardService - Starting service [Tomcat]
2020-02-13 23:37:17.807 [main] INFO  org.apache.catalina.core.StandardEngine - Starting Servlet engine: [Apache Tomcat/9.0.30]
2020-02-13 23:37:17.809 [main] INFO  org.apache.catalina.core.AprLifecycleListener - Loaded APR based Apache Tomcat Native library [1.2.23] using APR version [1.7.0].
2020-02-13 23:37:17.809 [main] INFO  org.apache.catalina.core.AprLifecycleListener - APR capabilities: IPv6 [true], sendfile [true], accept filters [false], random [true].
2020-02-13 23:37:17.809 [main] INFO  org.apache.catalina.core.AprLifecycleListener - APR/OpenSSL configuration: useAprConnector [false], useOpenSSL [true]
2020-02-13 23:37:17.812 [main] INFO  org.apache.catalina.core.AprLifecycleListener - OpenSSL successfully initialized [OpenSSL 1.1.1c  28 May 2019]
2020-02-13 23:37:17.886 [main] INFO  o.a.c.core.ContainerBase.[Tomcat].[localhost].[/] - Initializing Spring embedded WebApplicationContext
2020-02-13 23:37:17.886 [main] INFO  org.springframework.web.context.ContextLoader - Root WebApplicationContext: initialization completed in 971 ms
2020-02-13 23:37:18.022 [main] INFO  org.apache.catalina.core.StandardService - Stopping service [Tomcat]
2020-02-13 23:37:18.041 [main] INFO  o.s.b.a.l.ConditionEvaluationReportLoggingListener - 

Error starting ApplicationContext. To display the conditions report re-run your application with 'debug' enabled.
2020-02-13 23:38:54.471 [main] INFO  com.example.demo.DemoApplication - Starting DemoApplication on JinQiuyang with PID 20824 (D:\Maven\demo\target\classes started by dell in D:\Maven\demo)
2020-02-13 23:38:54.475 [main] INFO  com.example.demo.DemoApplication - No active profile set, falling back to default profiles: default
2020-02-13 23:38:55.527 [main] INFO  o.s.boot.web.embedded.tomcat.TomcatWebServer - Tomcat initialized with port(s): 8888 (http)
2020-02-13 23:38:55.536 [main] INFO  org.apache.coyote.http11.Http11NioProtocol - Initializing ProtocolHandler ["http-nio-8888"]
2020-02-13 23:38:55.536 [main] INFO  org.apache.catalina.core.StandardService - Starting service [Tomcat]
2020-02-13 23:38:55.537 [main] INFO  org.apache.catalina.core.StandardEngine - Starting Servlet engine: [Apache Tomcat/9.0.30]
2020-02-13 23:38:55.538 [main] INFO  org.apache.catalina.core.AprLifecycleListener - Loaded APR based Apache Tomcat Native library [1.2.23] using APR version [1.7.0].
2020-02-13 23:38:55.538 [main] INFO  org.apache.catalina.core.AprLifecycleListener - APR capabilities: IPv6 [true], sendfile [true], accept filters [false], random [true].
2020-02-13 23:38:55.538 [main] INFO  org.apache.catalina.core.AprLifecycleListener - APR/OpenSSL configuration: useAprConnector [false], useOpenSSL [true]
2020-02-13 23:38:55.541 [main] INFO  org.apache.catalina.core.AprLifecycleListener - OpenSSL successfully initialized [OpenSSL 1.1.1c  28 May 2019]
2020-02-13 23:38:55.613 [main] INFO  o.a.c.core.ContainerBase.[Tomcat].[localhost].[/] - Initializing Spring embedded WebApplicationContext
2020-02-13 23:38:55.614 [main] INFO  org.springframework.web.context.ContextLoader - Root WebApplicationContext: initialization completed in 1035 ms
2020-02-13 23:38:55.748 [main] INFO  org.apache.catalina.core.StandardService - Stopping service [Tomcat]
2020-02-13 23:38:55.766 [main] INFO  o.s.b.a.l.ConditionEvaluationReportLoggingListener - 

Error starting ApplicationContext. To display the conditions report re-run your application with 'debug' enabled.
2020-02-13 23:43:28.058 [main] INFO  com.example.demo.DemoApplication - Starting DemoApplication on JinQiuyang with PID 3048 (D:\Maven\demo\target\classes started by dell in D:\Maven\demo)
2020-02-13 23:43:28.062 [main] INFO  com.example.demo.DemoApplication - No active profile set, falling back to default profiles: default
2020-02-13 23:43:29.095 [main] INFO  o.s.boot.web.embedded.tomcat.TomcatWebServer - Tomcat initialized with port(s): 8888 (http)
2020-02-13 23:43:29.104 [main] INFO  org.apache.coyote.http11.Http11NioProtocol - Initializing ProtocolHandler ["http-nio-8888"]
2020-02-13 23:43:29.104 [main] INFO  org.apache.catalina.core.StandardService - Starting service [Tomcat]
2020-02-13 23:43:29.105 [main] INFO  org.apache.catalina.core.StandardEngine - Starting Servlet engine: [Apache Tomcat/9.0.30]
2020-02-13 23:43:29.106 [main] INFO  org.apache.catalina.core.AprLifecycleListener - Loaded APR based Apache Tomcat Native library [1.2.23] using APR version [1.7.0].
2020-02-13 23:43:29.107 [main] INFO  org.apache.catalina.core.AprLifecycleListener - APR capabilities: IPv6 [true], sendfile [true], accept filters [false], random [true].
2020-02-13 23:43:29.107 [main] INFO  org.apache.catalina.core.AprLifecycleListener - APR/OpenSSL configuration: useAprConnector [false], useOpenSSL [true]
2020-02-13 23:43:29.111 [main] INFO  org.apache.catalina.core.AprLifecycleListener - OpenSSL successfully initialized [OpenSSL 1.1.1c  28 May 2019]
2020-02-13 23:43:29.186 [main] INFO  o.a.c.core.ContainerBase.[Tomcat].[localhost].[/] - Initializing Spring embedded WebApplicationContext
2020-02-13 23:43:29.186 [main] INFO  org.springframework.web.context.ContextLoader - Root WebApplicationContext: initialization completed in 1017 ms
2020-02-13 23:43:29.331 [main] INFO  org.apache.catalina.core.StandardService - Stopping service [Tomcat]
2020-02-13 23:43:29.349 [main] INFO  o.s.b.a.l.ConditionEvaluationReportLoggingListener - 

Error starting ApplicationContext. To display the conditions report re-run your application with 'debug' enabled.
2020-02-13 23:45:52.857 [main] INFO  com.example.demo.DemoApplication - Starting DemoApplication on JinQiuyang with PID 20556 (D:\Maven\demo\target\classes started by dell in D:\Maven\demo)
2020-02-13 23:45:52.861 [main] INFO  com.example.demo.DemoApplication - No active profile set, falling back to default profiles: default
2020-02-13 23:45:53.861 [main] INFO  o.s.boot.web.embedded.tomcat.TomcatWebServer - Tomcat initialized with port(s): 8888 (http)
2020-02-13 23:45:53.869 [main] INFO  org.apache.coyote.http11.Http11NioProtocol - Initializing ProtocolHandler ["http-nio-8888"]
2020-02-13 23:45:53.870 [main] INFO  org.apache.catalina.core.StandardService - Starting service [Tomcat]
2020-02-13 23:45:53.870 [main] INFO  org.apache.catalina.core.StandardEngine - Starting Servlet engine: [Apache Tomcat/9.0.30]
2020-02-13 23:45:53.872 [main] INFO  org.apache.catalina.core.AprLifecycleListener - Loaded APR based Apache Tomcat Native library [1.2.23] using APR version [1.7.0].
2020-02-13 23:45:53.872 [main] INFO  org.apache.catalina.core.AprLifecycleListener - APR capabilities: IPv6 [true], sendfile [true], accept filters [false], random [true].
2020-02-13 23:45:53.872 [main] INFO  org.apache.catalina.core.AprLifecycleListener - APR/OpenSSL configuration: useAprConnector [false], useOpenSSL [true]
2020-02-13 23:45:53.875 [main] INFO  org.apache.catalina.core.AprLifecycleListener - OpenSSL successfully initialized [OpenSSL 1.1.1c  28 May 2019]
2020-02-13 23:45:53.949 [main] INFO  o.a.c.core.ContainerBase.[Tomcat].[localhost].[/] - Initializing Spring embedded WebApplicationContext
2020-02-13 23:45:53.949 [main] INFO  org.springframework.web.context.ContextLoader - Root WebApplicationContext: initialization completed in 1000 ms
2020-02-13 23:45:54.964 [main] INFO  com.alibaba.druid.pool.DruidDataSource - {dataSource-1} inited
2020-02-13 23:45:55.022 [main] INFO  com.alibaba.druid.pool.DruidDataSource - {dataSource-1} closed
2020-02-13 23:45:55.025 [main] INFO  org.apache.catalina.core.StandardService - Stopping service [Tomcat]
2020-02-13 23:45:55.035 [main] INFO  o.s.b.a.l.ConditionEvaluationReportLoggingListener - 

Error starting ApplicationContext. To display the conditions report re-run your application with 'debug' enabled.
2020-02-13 23:55:11.708 [main] INFO  com.example.demo.DemoApplication - Starting DemoApplication on JinQiuyang with PID 19856 (D:\Maven\demo\target\classes started by dell in D:\Maven\demo)
2020-02-13 23:55:11.712 [main] INFO  com.example.demo.DemoApplication - No active profile set, falling back to default profiles: default
2020-02-13 23:55:12.705 [main] INFO  o.s.boot.web.embedded.tomcat.TomcatWebServer - Tomcat initialized with port(s): 8888 (http)
2020-02-13 23:55:12.714 [main] INFO  org.apache.coyote.http11.Http11NioProtocol - Initializing ProtocolHandler ["http-nio-8888"]
2020-02-13 23:55:12.714 [main] INFO  org.apache.catalina.core.StandardService - Starting service [Tomcat]
2020-02-13 23:55:12.714 [main] INFO  org.apache.catalina.core.StandardEngine - Starting Servlet engine: [Apache Tomcat/9.0.30]
2020-02-13 23:55:12.715 [main] INFO  org.apache.catalina.core.AprLifecycleListener - Loaded APR based Apache Tomcat Native library [1.2.23] using APR version [1.7.0].
2020-02-13 23:55:12.715 [main] INFO  org.apache.catalina.core.AprLifecycleListener - APR capabilities: IPv6 [true], sendfile [true], accept filters [false], random [true].
2020-02-13 23:55:12.715 [main] INFO  org.apache.catalina.core.AprLifecycleListener - APR/OpenSSL configuration: useAprConnector [false], useOpenSSL [true]
2020-02-13 23:55:12.719 [main] INFO  org.apache.catalina.core.AprLifecycleListener - OpenSSL successfully initialized [OpenSSL 1.1.1c  28 May 2019]
2020-02-13 23:55:12.791 [main] INFO  o.a.c.core.ContainerBase.[Tomcat].[localhost].[/] - Initializing Spring embedded WebApplicationContext
2020-02-13 23:55:12.791 [main] INFO  org.springframework.web.context.ContextLoader - Root WebApplicationContext: initialization completed in 972 ms
2020-02-13 23:55:13.731 [main] INFO  com.alibaba.druid.pool.DruidDataSource - {dataSource-1} inited
2020-02-13 23:55:13.789 [main] INFO  com.alibaba.druid.pool.DruidDataSource - {dataSource-1} closed
2020-02-13 23:55:13.792 [main] INFO  org.apache.catalina.core.StandardService - Stopping service [Tomcat]
2020-02-13 23:55:13.802 [main] INFO  o.s.b.a.l.ConditionEvaluationReportLoggingListener - 

Error starting ApplicationContext. To display the conditions report re-run your application with 'debug' enabled.
